<?xml version="1.0" encoding="UTF-8"?>
<!-- Generated by org.testng.reporters.JUnitXMLReporter -->
<testsuite hostname="INPUSCPC10382" ignored="0" name="Default test" tests="3" failures="0" timestamp="26 Jul 2018 05:53:53 GMT" time="106.352" errors="0">
  <testcase name="Registration" time="27.275" classname="tests.TestCases"/>
  <testcase name="Selectable" time="14.148" classname="tests.TestCases"/>
  <testcase name="VerifyDatePicker" time="27.937" classname="tests.TestCases"/>
</testsuite> <!-- Default test -->
