<?xml version="1.0" encoding="UTF-8"?>
<!-- Generated by org.testng.reporters.JUnitXMLReporter -->
<testsuite hostname="INPUSCPC10382" ignored="2" name="Test" tests="1" failures="0" timestamp="27 Jul 2018 05:47:29 GMT" time="28.633" errors="0">
  <testcase name="VerifyDatePicker" time="16.423" classname="tests.TestCases"/>
  <testcase name="Selectable" time="0.0" classname="tests.TestCases">
    <ignored/>
  </testcase> <!-- Selectable -->
  <testcase name="Registration" time="0.0" classname="tests.TestCases">
    <ignored/>
  </testcase> <!-- Registration -->
</testsuite> <!-- Test -->
