<?xml version="1.0" encoding="UTF-8"?>
<!-- Generated by org.testng.reporters.JUnitXMLReporter -->
<testsuite hostname="INPUSCPC10382" ignored="1" name="Test" tests="3" failures="0" timestamp="10 Aug 2018 12:50:13 GMT" time="90.313" errors="0">
  <testcase name="VerifyDatePicker" time="12.973" classname="tests.TestCases"/>
  <testcase name="Selectable" time="12.996" classname="tests.TestCases"/>
  <testcase name="Registration" time="28.33" classname="tests.TestCases"/>
  <testcase name="findElements" time="0.0" classname="tests.TestCases">
    <ignored/>
  </testcase> <!-- findElements -->
</testsuite> <!-- Test -->
