<?xml version="1.0" encoding="UTF-8"?>
<testng-results skipped="0" failed="0" ignored="1" total="3" passed="2">
  <reporter-output>
  </reporter-output>
  <suite name="Suite" duration-ms="50445" started-at="2018-07-26T12:26:50Z" finished-at="2018-07-26T12:27:41Z">
    <groups>
    </groups>
    <test name="Test" duration-ms="50445" started-at="2018-07-26T12:26:50Z" finished-at="2018-07-26T12:27:41Z">
      <class name="tests.TestCases">
        <test-method status="PASS" signature="beforeMethod()[pri:0, instance:tests.TestCases@61862a7f]" name="beforeMethod" is-config="true" duration-ms="10868" started-at="2018-07-26T12:26:50Z" finished-at="2018-07-26T12:27:01Z">
          <reporter-output>
          </reporter-output>
        </test-method> <!-- beforeMethod -->
        <test-method status="PASS" signature="VerifyDatePicker()[pri:0, instance:tests.TestCases@61862a7f]" name="VerifyDatePicker" duration-ms="13233" started-at="2018-07-26T12:27:01Z" finished-at="2018-07-26T12:27:14Z">
          <reporter-output>
          </reporter-output>
        </test-method> <!-- VerifyDatePicker -->
        <test-method status="PASS" signature="afterMethod()[pri:0, instance:tests.TestCases@61862a7f]" name="afterMethod" is-config="true" duration-ms="732" started-at="2018-07-26T12:27:14Z" finished-at="2018-07-26T12:27:15Z">
          <reporter-output>
          </reporter-output>
        </test-method> <!-- afterMethod -->
        <test-method status="PASS" signature="beforeMethod()[pri:0, instance:tests.TestCases@61862a7f]" name="beforeMethod" is-config="true" duration-ms="10552" started-at="2018-07-26T12:27:15Z" finished-at="2018-07-26T12:27:26Z">
          <reporter-output>
          </reporter-output>
        </test-method> <!-- beforeMethod -->
        <test-method status="PASS" signature="Registration(java.util.HashMap)[pri:0, instance:tests.TestCases@61862a7f]" name="Registration" duration-ms="14326" started-at="2018-07-26T12:27:26Z" data-provider="inputData" finished-at="2018-07-26T12:27:40Z">
          <params>
            <param index="0">
              <value>
                <![CDATA[{firstName=Vinod, lastName=Bhavsar, country=India, maritalStatus=married, hobby=dance#reading}]]>
              </value>
            </param>
          </params>
          <reporter-output>
          </reporter-output>
        </test-method> <!-- Registration -->
        <test-method status="PASS" signature="afterMethod()[pri:0, instance:tests.TestCases@61862a7f]" name="afterMethod" is-config="true" duration-ms="717" started-at="2018-07-26T12:27:40Z" finished-at="2018-07-26T12:27:41Z">
          <reporter-output>
          </reporter-output>
        </test-method> <!-- afterMethod -->
      </class> <!-- tests.TestCases -->
    </test> <!-- Test -->
  </suite> <!-- Suite -->
</testng-results>
