<?xml version="1.0" encoding="UTF-8"?>
<testng-results skipped="0" failed="0" ignored="1" total="4" passed="3">
  <reporter-output>
  </reporter-output>
  <suite name="Suite" duration-ms="90313" started-at="2018-08-10T12:48:43Z" finished-at="2018-08-10T12:50:13Z">
    <groups>
    </groups>
    <test name="Test" duration-ms="90313" started-at="2018-08-10T12:48:43Z" finished-at="2018-08-10T12:50:13Z">
      <class name="tests.TestCases">
        <test-method status="PASS" signature="beforeSuite()[pri:0, instance:tests.TestCases@32eff876]" name="beforeSuite" is-config="true" duration-ms="103" started-at="2018-08-10T12:48:43Z" finished-at="2018-08-10T12:48:43Z">
          <reporter-output>
          </reporter-output>
        </test-method> <!-- beforeSuite -->
        <test-method status="PASS" signature="beforeMethod(org.testng.ITestResult)[pri:0, instance:tests.TestCases@32eff876]" name="beforeMethod" is-config="true" duration-ms="12297" started-at="2018-08-10T12:48:43Z" finished-at="2018-08-10T12:48:55Z">
          <params>
            <param index="0">
              <value>
                <![CDATA[[TestResult name=VerifyDatePicker status=SUCCESS method=TestCases.VerifyDatePicker()[pri:0, instance:tests.TestCases@32eff876] output={null}]]]>
              </value>
            </param>
          </params>
          <reporter-output>
          </reporter-output>
        </test-method> <!-- beforeMethod -->
        <test-method status="PASS" signature="VerifyDatePicker()[pri:0, instance:tests.TestCases@32eff876]" name="VerifyDatePicker" duration-ms="12973" started-at="2018-08-10T12:48:55Z" finished-at="2018-08-10T12:49:08Z">
          <reporter-output>
          </reporter-output>
        </test-method> <!-- VerifyDatePicker -->
        <test-method status="PASS" signature="afterMethod()[pri:0, instance:tests.TestCases@32eff876]" name="afterMethod" is-config="true" duration-ms="807" started-at="2018-08-10T12:49:08Z" finished-at="2018-08-10T12:49:09Z">
          <reporter-output>
          </reporter-output>
        </test-method> <!-- afterMethod -->
        <test-method status="PASS" signature="beforeMethod(org.testng.ITestResult)[pri:0, instance:tests.TestCases@32eff876]" name="beforeMethod" is-config="true" duration-ms="10918" started-at="2018-08-10T12:49:09Z" finished-at="2018-08-10T12:49:20Z">
          <params>
            <param index="0">
              <value>
                <![CDATA[[TestResult name=Selectable status=SUCCESS method=TestCases.Selectable()[pri:0, instance:tests.TestCases@32eff876] output={null}]]]>
              </value>
            </param>
          </params>
          <reporter-output>
          </reporter-output>
        </test-method> <!-- beforeMethod -->
        <test-method status="PASS" signature="Selectable()[pri:0, instance:tests.TestCases@32eff876]" name="Selectable" duration-ms="12996" started-at="2018-08-10T12:49:20Z" finished-at="2018-08-10T12:49:33Z">
          <reporter-output>
          </reporter-output>
        </test-method> <!-- Selectable -->
        <test-method status="PASS" signature="afterMethod()[pri:0, instance:tests.TestCases@32eff876]" name="afterMethod" is-config="true" duration-ms="768" started-at="2018-08-10T12:49:33Z" finished-at="2018-08-10T12:49:34Z">
          <reporter-output>
          </reporter-output>
        </test-method> <!-- afterMethod -->
        <test-method status="PASS" signature="beforeMethod(org.testng.ITestResult)[pri:0, instance:tests.TestCases@32eff876]" name="beforeMethod" is-config="true" duration-ms="10411" started-at="2018-08-10T12:49:34Z" finished-at="2018-08-10T12:49:44Z">
          <params>
            <param index="0">
              <value>
                <![CDATA[[TestResult name=Registration status=SUCCESS method=TestCases.Registration(java.util.HashMap)[pri:0, instance:tests.TestCases@32eff876] output={null}]]]>
              </value>
            </param>
          </params>
          <reporter-output>
          </reporter-output>
        </test-method> <!-- beforeMethod -->
        <test-method status="PASS" signature="Registration(java.util.HashMap)[pri:0, instance:tests.TestCases@32eff876]" name="Registration" duration-ms="28330" started-at="2018-08-10T12:49:44Z" data-provider="inputData" finished-at="2018-08-10T12:50:12Z">
          <params>
            <param index="0">
              <value>
                <![CDATA[{firstName=Vinod, lastName=Bhavsar, country=India, maritalStatus=married, hobby=dance#reading}]]>
              </value>
            </param>
          </params>
          <reporter-output>
          </reporter-output>
        </test-method> <!-- Registration -->
        <test-method status="PASS" signature="afterMethod()[pri:0, instance:tests.TestCases@32eff876]" name="afterMethod" is-config="true" duration-ms="812" started-at="2018-08-10T12:50:12Z" finished-at="2018-08-10T12:50:13Z">
          <reporter-output>
          </reporter-output>
        </test-method> <!-- afterMethod -->
        <test-method status="PASS" signature="afterSuite()[pri:0, instance:tests.TestCases@32eff876]" name="afterSuite" is-config="true" duration-ms="186" started-at="2018-08-10T12:50:13Z" finished-at="2018-08-10T12:50:13Z">
          <reporter-output>
          </reporter-output>
        </test-method> <!-- afterSuite -->
      </class> <!-- tests.TestCases -->
    </test> <!-- Test -->
  </suite> <!-- Suite -->
</testng-results>
